2026-07-19 13:20:41 | INFO | Starting API ingestion | url=https://fakestoreapi.com/products
2026-07-19 13:20:41 | INFO | Fetching API data | attempt=1 | url=https://fakestoreapi.com/products
2026-07-19 13:20:42 | ERROR | API request attempt 1 failed
Traceback (most recent call last):
  File "C:\Copied_old_laptop\Copied\personal\BITS\sem_2\DMML\assignment1\RecoMartRecommendation\venv\Lib\site-packages\urllib3\connectionpool.py", line 464, in _make_request
    self._validate_conn(conn)
    ~~~~~~~~~~~~~~~~~~~^^^^^^
  File "C:\Copied_old_laptop\Copied\personal\BITS\sem_2\DMML\assignment1\RecoMartRecommendation\venv\Lib\site-packages\urllib3\connectionpool.py", line 1106, in _validate_conn
    conn.connect()
    ~~~~~~~~~~~~^^
  File "C:\Copied_old_laptop\Copied\personal\BITS\sem_2\DMML\assignment1\RecoMartRecommendation\venv\Lib\site-packages\urllib3\connection.py", line 796, in connect
    sock_and_verified = _ssl_wrap_socket_and_match_hostname(
        sock=sock,
    ...<14 lines>...
        assert_fingerprint=self.assert_fingerprint,
    )
  File "C:\Copied_old_laptop\Copied\personal\BITS\sem_2\DMML\assignment1\RecoMartRecommendation\venv\Lib\site-packages\urllib3\connection.py", line 975, in _ssl_wrap_socket_and_match_hostname
    ssl_sock = ssl_wrap_socket(
        sock=sock,
    ...<8 lines>...
        tls_in_tls=tls_in_tls,
    )
  File "C:\Copied_old_laptop\Copied\personal\BITS\sem_2\DMML\assignment1\RecoMartRecommendation\venv\Lib\site-packages\urllib3\util\ssl_.py", line 433, in ssl_wrap_socket
    ssl_sock = _ssl_wrap_socket_impl(sock, context, tls_in_tls, server_hostname)
  File "C:\Copied_old_laptop\Copied\personal\BITS\sem_2\DMML\assignment1\RecoMartRecommendation\venv\Lib\site-packages\urllib3\util\ssl_.py", line 477, in _ssl_wrap_socket_impl
    return ssl_context.wrap_socket(sock, server_hostname=server_hostname)
           ~~~~~~~~~~~~~~~~~~~~~~~^^^^^^^^^^^^^^^^^^^^^^^^^^^^^^^^^^^^^^^
  File "C:\Program Files\Python313\Lib\ssl.py", line 455, in wrap_socket
    return self.sslsocket_class._create(
           ~~~~~~~~~~~~~~~~~~~~~~~~~~~~^
        sock=sock,
        ^^^^^^^^^^
    ...<5 lines>...
        session=session
        ^^^^^^^^^^^^^^^
    )
    ^
  File "C:\Program Files\Python313\Lib\ssl.py", line 1076, in _create
    self.do_handshake()
    ~~~~~~~~~~~~~~~~~^^
  File "C:\Program Files\Python313\Lib\ssl.py", line 1372, in do_handshake
    self._sslobj.do_handshake()
    ~~~~~~~~~~~~~~~~~~~~~~~~~^^
ssl.SSLCertVerificationError: [SSL: CERTIFICATE_VERIFY_FAILED] certificate verify failed: unable to get local issuer certificate (_ssl.c:1028)

During handling of the above exception, another exception occurred:

Traceback (most recent call last):
  File "C:\Copied_old_laptop\Copied\personal\BITS\sem_2\DMML\assignment1\RecoMartRecommendation\venv\Lib\site-packages\urllib3\connectionpool.py", line 788, in urlopen
    response = self._make_request(
        conn,
    ...<10 lines>...
        **response_kw,
    )
  File "C:\Copied_old_laptop\Copied\personal\BITS\sem_2\DMML\assignment1\RecoMartRecommendation\venv\Lib\site-packages\urllib3\connectionpool.py", line 488, in _make_request
    raise new_e
urllib3.exceptions.SSLError: [SSL: CERTIFICATE_VERIFY_FAILED] certificate verify failed: unable to get local issuer certificate (_ssl.c:1028)

The above exception was the direct cause of the following exception:

Traceback (most recent call last):
  File "C:\Copied_old_laptop\Copied\personal\BITS\sem_2\DMML\assignment1\RecoMartRecommendation\venv\Lib\site-packages\requests\adapters.py", line 696, in send
    resp = conn.urlopen(
        method=request.method,
    ...<9 lines>...
        chunked=chunked,
    )
  File "C:\Copied_old_laptop\Copied\personal\BITS\sem_2\DMML\assignment1\RecoMartRecommendation\venv\Lib\site-packages\urllib3\connectionpool.py", line 842, in urlopen
    retries = retries.increment(
        method, url, error=new_e, _pool=self, _stacktrace=sys.exc_info()[2]
    )
  File "C:\Copied_old_laptop\Copied\personal\BITS\sem_2\DMML\assignment1\RecoMartRecommendation\venv\Lib\site-packages\urllib3\util\retry.py", line 543, in increment
    raise MaxRetryError(_pool, url, reason) from reason  # type: ignore[arg-type]
    ^^^^^^^^^^^^^^^^^^^^^^^^^^^^^^^^^^^^^^^^^^^^^^^^^^^
urllib3.exceptions.MaxRetryError: HTTPSConnectionPool(host='fakestoreapi.com', port=443): Max retries exceeded with url: /products (Caused by SSLError(SSLCertVerificationError(1, '[SSL: CERTIFICATE_VERIFY_FAILED] certificate verify failed: unable to get local issuer certificate (_ssl.c:1028)')))

During handling of the above exception, another exception occurred:

Traceback (most recent call last):
  File "C:\Copied_old_laptop\Copied\personal\BITS\sem_2\DMML\assignment1\RecoMartRecommendation\src\ingestion\ingest_api.py", line 62, in get_data_request
    response = requests.get(
        url,
    ...<2 lines>...
        headers={"Accept": "application/json"},
    )
  File "C:\Copied_old_laptop\Copied\personal\BITS\sem_2\DMML\assignment1\RecoMartRecommendation\venv\Lib\site-packages\requests\api.py", line 87, in get
    return request("get", url, params=params, **kwargs)
  File "C:\Copied_old_laptop\Copied\personal\BITS\sem_2\DMML\assignment1\RecoMartRecommendation\venv\Lib\site-packages\requests\api.py", line 71, in request
    return session.request(method=method, url=url, **kwargs)
           ~~~~~~~~~~~~~~~^^^^^^^^^^^^^^^^^^^^^^^^^^^^^^^^^^
  File "C:\Copied_old_laptop\Copied\personal\BITS\sem_2\DMML\assignment1\RecoMartRecommendation\venv\Lib\site-packages\requests\sessions.py", line 651, in request
    resp = self.send(prep, **send_kwargs)
  File "C:\Copied_old_laptop\Copied\personal\BITS\sem_2\DMML\assignment1\RecoMartRecommendation\venv\Lib\site-packages\requests\sessions.py", line 784, in send
    r = adapter.send(request, **kwargs)
  File "C:\Copied_old_laptop\Copied\personal\BITS\sem_2\DMML\assignment1\RecoMartRecommendation\venv\Lib\site-packages\requests\adapters.py", line 727, in send
    raise SSLError(e, request=request)
requests.exceptions.SSLError: HTTPSConnectionPool(host='fakestoreapi.com', port=443): Max retries exceeded with url: /products (Caused by SSLError(SSLCertVerificationError(1, '[SSL: CERTIFICATE_VERIFY_FAILED] certificate verify failed: unable to get local issuer certificate (_ssl.c:1028)')))
2026-07-19 13:20:42 | INFO | Retrying in 2 seconds...
2026-07-19 13:20:44 | INFO | Fetching API data | attempt=2 | url=https://fakestoreapi.com/products
2026-07-19 13:20:44 | ERROR | API request attempt 2 failed
Traceback (most recent call last):
  File "C:\Copied_old_laptop\Copied\personal\BITS\sem_2\DMML\assignment1\RecoMartRecommendation\venv\Lib\site-packages\urllib3\connectionpool.py", line 464, in _make_request
    self._validate_conn(conn)
    ~~~~~~~~~~~~~~~~~~~^^^^^^
  File "C:\Copied_old_laptop\Copied\personal\BITS\sem_2\DMML\assignment1\RecoMartRecommendation\venv\Lib\site-packages\urllib3\connectionpool.py", line 1106, in _validate_conn
    conn.connect()
    ~~~~~~~~~~~~^^
  File "C:\Copied_old_laptop\Copied\personal\BITS\sem_2\DMML\assignment1\RecoMartRecommendation\venv\Lib\site-packages\urllib3\connection.py", line 796, in connect
    sock_and_verified = _ssl_wrap_socket_and_match_hostname(
        sock=sock,
    ...<14 lines>...
        assert_fingerprint=self.assert_fingerprint,
    )
  File "C:\Copied_old_laptop\Copied\personal\BITS\sem_2\DMML\assignment1\RecoMartRecommendation\venv\Lib\site-packages\urllib3\connection.py", line 975, in _ssl_wrap_socket_and_match_hostname
    ssl_sock = ssl_wrap_socket(
        sock=sock,
    ...<8 lines>...
        tls_in_tls=tls_in_tls,
    )
  File "C:\Copied_old_laptop\Copied\personal\BITS\sem_2\DMML\assignment1\RecoMartRecommendation\venv\Lib\site-packages\urllib3\util\ssl_.py", line 433, in ssl_wrap_socket
    ssl_sock = _ssl_wrap_socket_impl(sock, context, tls_in_tls, server_hostname)
  File "C:\Copied_old_laptop\Copied\personal\BITS\sem_2\DMML\assignment1\RecoMartRecommendation\venv\Lib\site-packages\urllib3\util\ssl_.py", line 477, in _ssl_wrap_socket_impl
    return ssl_context.wrap_socket(sock, server_hostname=server_hostname)
           ~~~~~~~~~~~~~~~~~~~~~~~^^^^^^^^^^^^^^^^^^^^^^^^^^^^^^^^^^^^^^^
  File "C:\Program Files\Python313\Lib\ssl.py", line 455, in wrap_socket
    return self.sslsocket_class._create(
           ~~~~~~~~~~~~~~~~~~~~~~~~~~~~^
        sock=sock,
        ^^^^^^^^^^
    ...<5 lines>...
        session=session
        ^^^^^^^^^^^^^^^
    )
    ^
  File "C:\Program Files\Python313\Lib\ssl.py", line 1076, in _create
    self.do_handshake()
    ~~~~~~~~~~~~~~~~~^^
  File "C:\Program Files\Python313\Lib\ssl.py", line 1372, in do_handshake
    self._sslobj.do_handshake()
    ~~~~~~~~~~~~~~~~~~~~~~~~~^^
ssl.SSLCertVerificationError: [SSL: CERTIFICATE_VERIFY_FAILED] certificate verify failed: unable to get local issuer certificate (_ssl.c:1028)

During handling of the above exception, another exception occurred:

Traceback (most recent call last):
  File "C:\Copied_old_laptop\Copied\personal\BITS\sem_2\DMML\assignment1\RecoMartRecommendation\venv\Lib\site-packages\urllib3\connectionpool.py", line 788, in urlopen
    response = self._make_request(
        conn,
    ...<10 lines>...
        **response_kw,
    )
  File "C:\Copied_old_laptop\Copied\personal\BITS\sem_2\DMML\assignment1\RecoMartRecommendation\venv\Lib\site-packages\urllib3\connectionpool.py", line 488, in _make_request
    raise new_e
urllib3.exceptions.SSLError: [SSL: CERTIFICATE_VERIFY_FAILED] certificate verify failed: unable to get local issuer certificate (_ssl.c:1028)

The above exception was the direct cause of the following exception:

Traceback (most recent call last):
  File "C:\Copied_old_laptop\Copied\personal\BITS\sem_2\DMML\assignment1\RecoMartRecommendation\venv\Lib\site-packages\requests\adapters.py", line 696, in send
    resp = conn.urlopen(
        method=request.method,
    ...<9 lines>...
        chunked=chunked,
    )
  File "C:\Copied_old_laptop\Copied\personal\BITS\sem_2\DMML\assignment1\RecoMartRecommendation\venv\Lib\site-packages\urllib3\connectionpool.py", line 842, in urlopen
    retries = retries.increment(
        method, url, error=new_e, _pool=self, _stacktrace=sys.exc_info()[2]
    )
  File "C:\Copied_old_laptop\Copied\personal\BITS\sem_2\DMML\assignment1\RecoMartRecommendation\venv\Lib\site-packages\urllib3\util\retry.py", line 543, in increment
    raise MaxRetryError(_pool, url, reason) from reason  # type: ignore[arg-type]
    ^^^^^^^^^^^^^^^^^^^^^^^^^^^^^^^^^^^^^^^^^^^^^^^^^^^
urllib3.exceptions.MaxRetryError: HTTPSConnectionPool(host='fakestoreapi.com', port=443): Max retries exceeded with url: /products (Caused by SSLError(SSLCertVerificationError(1, '[SSL: CERTIFICATE_VERIFY_FAILED] certificate verify failed: unable to get local issuer certificate (_ssl.c:1028)')))

During handling of the above exception, another exception occurred:

Traceback (most recent call last):
  File "C:\Copied_old_laptop\Copied\personal\BITS\sem_2\DMML\assignment1\RecoMartRecommendation\src\ingestion\ingest_api.py", line 62, in get_data_request
    response = requests.get(
        url,
    ...<2 lines>...
        headers={"Accept": "application/json"},
    )
  File "C:\Copied_old_laptop\Copied\personal\BITS\sem_2\DMML\assignment1\RecoMartRecommendation\venv\Lib\site-packages\requests\api.py", line 87, in get
    return request("get", url, params=params, **kwargs)
  File "C:\Copied_old_laptop\Copied\personal\BITS\sem_2\DMML\assignment1\RecoMartRecommendation\venv\Lib\site-packages\requests\api.py", line 71, in request
    return session.request(method=method, url=url, **kwargs)
           ~~~~~~~~~~~~~~~^^^^^^^^^^^^^^^^^^^^^^^^^^^^^^^^^^
  File "C:\Copied_old_laptop\Copied\personal\BITS\sem_2\DMML\assignment1\RecoMartRecommendation\venv\Lib\site-packages\requests\sessions.py", line 651, in request
    resp = self.send(prep, **send_kwargs)
  File "C:\Copied_old_laptop\Copied\personal\BITS\sem_2\DMML\assignment1\RecoMartRecommendation\venv\Lib\site-packages\requests\sessions.py", line 784, in send
    r = adapter.send(request, **kwargs)
  File "C:\Copied_old_laptop\Copied\personal\BITS\sem_2\DMML\assignment1\RecoMartRecommendation\venv\Lib\site-packages\requests\adapters.py", line 727, in send
    raise SSLError(e, request=request)
requests.exceptions.SSLError: HTTPSConnectionPool(host='fakestoreapi.com', port=443): Max retries exceeded with url: /products (Caused by SSLError(SSLCertVerificationError(1, '[SSL: CERTIFICATE_VERIFY_FAILED] certificate verify failed: unable to get local issuer certificate (_ssl.c:1028)')))
2026-07-19 13:20:44 | INFO | Retrying in 4 seconds...
2026-07-19 13:20:48 | INFO | Fetching API data | attempt=3 | url=https://fakestoreapi.com/products
2026-07-19 13:20:49 | ERROR | API request attempt 3 failed
Traceback (most recent call last):
  File "C:\Copied_old_laptop\Copied\personal\BITS\sem_2\DMML\assignment1\RecoMartRecommendation\venv\Lib\site-packages\urllib3\connectionpool.py", line 464, in _make_request
    self._validate_conn(conn)
    ~~~~~~~~~~~~~~~~~~~^^^^^^
  File "C:\Copied_old_laptop\Copied\personal\BITS\sem_2\DMML\assignment1\RecoMartRecommendation\venv\Lib\site-packages\urllib3\connectionpool.py", line 1106, in _validate_conn
    conn.connect()
    ~~~~~~~~~~~~^^
  File "C:\Copied_old_laptop\Copied\personal\BITS\sem_2\DMML\assignment1\RecoMartRecommendation\venv\Lib\site-packages\urllib3\connection.py", line 796, in connect
    sock_and_verified = _ssl_wrap_socket_and_match_hostname(
        sock=sock,
    ...<14 lines>...
        assert_fingerprint=self.assert_fingerprint,
    )
  File "C:\Copied_old_laptop\Copied\personal\BITS\sem_2\DMML\assignment1\RecoMartRecommendation\venv\Lib\site-packages\urllib3\connection.py", line 975, in _ssl_wrap_socket_and_match_hostname
    ssl_sock = ssl_wrap_socket(
        sock=sock,
    ...<8 lines>...
        tls_in_tls=tls_in_tls,
    )
  File "C:\Copied_old_laptop\Copied\personal\BITS\sem_2\DMML\assignment1\RecoMartRecommendation\venv\Lib\site-packages\urllib3\util\ssl_.py", line 433, in ssl_wrap_socket
    ssl_sock = _ssl_wrap_socket_impl(sock, context, tls_in_tls, server_hostname)
  File "C:\Copied_old_laptop\Copied\personal\BITS\sem_2\DMML\assignment1\RecoMartRecommendation\venv\Lib\site-packages\urllib3\util\ssl_.py", line 477, in _ssl_wrap_socket_impl
    return ssl_context.wrap_socket(sock, server_hostname=server_hostname)
           ~~~~~~~~~~~~~~~~~~~~~~~^^^^^^^^^^^^^^^^^^^^^^^^^^^^^^^^^^^^^^^
  File "C:\Program Files\Python313\Lib\ssl.py", line 455, in wrap_socket
    return self.sslsocket_class._create(
           ~~~~~~~~~~~~~~~~~~~~~~~~~~~~^
        sock=sock,
        ^^^^^^^^^^
    ...<5 lines>...
        session=session
        ^^^^^^^^^^^^^^^
    )
    ^
  File "C:\Program Files\Python313\Lib\ssl.py", line 1076, in _create
    self.do_handshake()
    ~~~~~~~~~~~~~~~~~^^
  File "C:\Program Files\Python313\Lib\ssl.py", line 1372, in do_handshake
    self._sslobj.do_handshake()
    ~~~~~~~~~~~~~~~~~~~~~~~~~^^
ssl.SSLCertVerificationError: [SSL: CERTIFICATE_VERIFY_FAILED] certificate verify failed: unable to get local issuer certificate (_ssl.c:1028)

During handling of the above exception, another exception occurred:

Traceback (most recent call last):
  File "C:\Copied_old_laptop\Copied\personal\BITS\sem_2\DMML\assignment1\RecoMartRecommendation\venv\Lib\site-packages\urllib3\connectionpool.py", line 788, in urlopen
    response = self._make_request(
        conn,
    ...<10 lines>...
        **response_kw,
    )
  File "C:\Copied_old_laptop\Copied\personal\BITS\sem_2\DMML\assignment1\RecoMartRecommendation\venv\Lib\site-packages\urllib3\connectionpool.py", line 488, in _make_request
    raise new_e
urllib3.exceptions.SSLError: [SSL: CERTIFICATE_VERIFY_FAILED] certificate verify failed: unable to get local issuer certificate (_ssl.c:1028)

The above exception was the direct cause of the following exception:

Traceback (most recent call last):
  File "C:\Copied_old_laptop\Copied\personal\BITS\sem_2\DMML\assignment1\RecoMartRecommendation\venv\Lib\site-packages\requests\adapters.py", line 696, in send
    resp = conn.urlopen(
        method=request.method,
    ...<9 lines>...
        chunked=chunked,
    )
  File "C:\Copied_old_laptop\Copied\personal\BITS\sem_2\DMML\assignment1\RecoMartRecommendation\venv\Lib\site-packages\urllib3\connectionpool.py", line 842, in urlopen
    retries = retries.increment(
        method, url, error=new_e, _pool=self, _stacktrace=sys.exc_info()[2]
    )
  File "C:\Copied_old_laptop\Copied\personal\BITS\sem_2\DMML\assignment1\RecoMartRecommendation\venv\Lib\site-packages\urllib3\util\retry.py", line 543, in increment
    raise MaxRetryError(_pool, url, reason) from reason  # type: ignore[arg-type]
    ^^^^^^^^^^^^^^^^^^^^^^^^^^^^^^^^^^^^^^^^^^^^^^^^^^^
urllib3.exceptions.MaxRetryError: HTTPSConnectionPool(host='fakestoreapi.com', port=443): Max retries exceeded with url: /products (Caused by SSLError(SSLCertVerificationError(1, '[SSL: CERTIFICATE_VERIFY_FAILED] certificate verify failed: unable to get local issuer certificate (_ssl.c:1028)')))

During handling of the above exception, another exception occurred:

Traceback (most recent call last):
  File "C:\Copied_old_laptop\Copied\personal\BITS\sem_2\DMML\assignment1\RecoMartRecommendation\src\ingestion\ingest_api.py", line 62, in get_data_request
    response = requests.get(
        url,
    ...<2 lines>...
        headers={"Accept": "application/json"},
    )
  File "C:\Copied_old_laptop\Copied\personal\BITS\sem_2\DMML\assignment1\RecoMartRecommendation\venv\Lib\site-packages\requests\api.py", line 87, in get
    return request("get", url, params=params, **kwargs)
  File "C:\Copied_old_laptop\Copied\personal\BITS\sem_2\DMML\assignment1\RecoMartRecommendation\venv\Lib\site-packages\requests\api.py", line 71, in request
    return session.request(method=method, url=url, **kwargs)
           ~~~~~~~~~~~~~~~^^^^^^^^^^^^^^^^^^^^^^^^^^^^^^^^^^
  File "C:\Copied_old_laptop\Copied\personal\BITS\sem_2\DMML\assignment1\RecoMartRecommendation\venv\Lib\site-packages\requests\sessions.py", line 651, in request
    resp = self.send(prep, **send_kwargs)
  File "C:\Copied_old_laptop\Copied\personal\BITS\sem_2\DMML\assignment1\RecoMartRecommendation\venv\Lib\site-packages\requests\sessions.py", line 784, in send
    r = adapter.send(request, **kwargs)
  File "C:\Copied_old_laptop\Copied\personal\BITS\sem_2\DMML\assignment1\RecoMartRecommendation\venv\Lib\site-packages\requests\adapters.py", line 727, in send
    raise SSLError(e, request=request)
requests.exceptions.SSLError: HTTPSConnectionPool(host='fakestoreapi.com', port=443): Max retries exceeded with url: /products (Caused by SSLError(SSLCertVerificationError(1, '[SSL: CERTIFICATE_VERIFY_FAILED] certificate verify failed: unable to get local issuer certificate (_ssl.c:1028)')))
2026-07-19 13:20:49 | ERROR | API ingestion failed | elapsed_seconds=7.50 | error=Failed to fetch API data after 3 attempts
Traceback (most recent call last):
  File "C:\Copied_old_laptop\Copied\personal\BITS\sem_2\DMML\assignment1\RecoMartRecommendation\venv\Lib\site-packages\urllib3\connectionpool.py", line 464, in _make_request
    self._validate_conn(conn)
    ~~~~~~~~~~~~~~~~~~~^^^^^^
  File "C:\Copied_old_laptop\Copied\personal\BITS\sem_2\DMML\assignment1\RecoMartRecommendation\venv\Lib\site-packages\urllib3\connectionpool.py", line 1106, in _validate_conn
    conn.connect()
    ~~~~~~~~~~~~^^
  File "C:\Copied_old_laptop\Copied\personal\BITS\sem_2\DMML\assignment1\RecoMartRecommendation\venv\Lib\site-packages\urllib3\connection.py", line 796, in connect
    sock_and_verified = _ssl_wrap_socket_and_match_hostname(
        sock=sock,
    ...<14 lines>...
        assert_fingerprint=self.assert_fingerprint,
    )
  File "C:\Copied_old_laptop\Copied\personal\BITS\sem_2\DMML\assignment1\RecoMartRecommendation\venv\Lib\site-packages\urllib3\connection.py", line 975, in _ssl_wrap_socket_and_match_hostname
    ssl_sock = ssl_wrap_socket(
        sock=sock,
    ...<8 lines>...
        tls_in_tls=tls_in_tls,
    )
  File "C:\Copied_old_laptop\Copied\personal\BITS\sem_2\DMML\assignment1\RecoMartRecommendation\venv\Lib\site-packages\urllib3\util\ssl_.py", line 433, in ssl_wrap_socket
    ssl_sock = _ssl_wrap_socket_impl(sock, context, tls_in_tls, server_hostname)
  File "C:\Copied_old_laptop\Copied\personal\BITS\sem_2\DMML\assignment1\RecoMartRecommendation\venv\Lib\site-packages\urllib3\util\ssl_.py", line 477, in _ssl_wrap_socket_impl
    return ssl_context.wrap_socket(sock, server_hostname=server_hostname)
           ~~~~~~~~~~~~~~~~~~~~~~~^^^^^^^^^^^^^^^^^^^^^^^^^^^^^^^^^^^^^^^
  File "C:\Program Files\Python313\Lib\ssl.py", line 455, in wrap_socket
    return self.sslsocket_class._create(
           ~~~~~~~~~~~~~~~~~~~~~~~~~~~~^
        sock=sock,
        ^^^^^^^^^^
    ...<5 lines>...
        session=session
        ^^^^^^^^^^^^^^^
    )
    ^
  File "C:\Program Files\Python313\Lib\ssl.py", line 1076, in _create
    self.do_handshake()
    ~~~~~~~~~~~~~~~~~^^
  File "C:\Program Files\Python313\Lib\ssl.py", line 1372, in do_handshake
    self._sslobj.do_handshake()
    ~~~~~~~~~~~~~~~~~~~~~~~~~^^
ssl.SSLCertVerificationError: [SSL: CERTIFICATE_VERIFY_FAILED] certificate verify failed: unable to get local issuer certificate (_ssl.c:1028)

During handling of the above exception, another exception occurred:

Traceback (most recent call last):
  File "C:\Copied_old_laptop\Copied\personal\BITS\sem_2\DMML\assignment1\RecoMartRecommendation\venv\Lib\site-packages\urllib3\connectionpool.py", line 788, in urlopen
    response = self._make_request(
        conn,
    ...<10 lines>...
        **response_kw,
    )
  File "C:\Copied_old_laptop\Copied\personal\BITS\sem_2\DMML\assignment1\RecoMartRecommendation\venv\Lib\site-packages\urllib3\connectionpool.py", line 488, in _make_request
    raise new_e
urllib3.exceptions.SSLError: [SSL: CERTIFICATE_VERIFY_FAILED] certificate verify failed: unable to get local issuer certificate (_ssl.c:1028)

The above exception was the direct cause of the following exception:

Traceback (most recent call last):
  File "C:\Copied_old_laptop\Copied\personal\BITS\sem_2\DMML\assignment1\RecoMartRecommendation\venv\Lib\site-packages\requests\adapters.py", line 696, in send
    resp = conn.urlopen(
        method=request.method,
    ...<9 lines>...
        chunked=chunked,
    )
  File "C:\Copied_old_laptop\Copied\personal\BITS\sem_2\DMML\assignment1\RecoMartRecommendation\venv\Lib\site-packages\urllib3\connectionpool.py", line 842, in urlopen
    retries = retries.increment(
        method, url, error=new_e, _pool=self, _stacktrace=sys.exc_info()[2]
    )
  File "C:\Copied_old_laptop\Copied\personal\BITS\sem_2\DMML\assignment1\RecoMartRecommendation\venv\Lib\site-packages\urllib3\util\retry.py", line 543, in increment
    raise MaxRetryError(_pool, url, reason) from reason  # type: ignore[arg-type]
    ^^^^^^^^^^^^^^^^^^^^^^^^^^^^^^^^^^^^^^^^^^^^^^^^^^^
urllib3.exceptions.MaxRetryError: HTTPSConnectionPool(host='fakestoreapi.com', port=443): Max retries exceeded with url: /products (Caused by SSLError(SSLCertVerificationError(1, '[SSL: CERTIFICATE_VERIFY_FAILED] certificate verify failed: unable to get local issuer certificate (_ssl.c:1028)')))

During handling of the above exception, another exception occurred:

Traceback (most recent call last):
  File "C:\Copied_old_laptop\Copied\personal\BITS\sem_2\DMML\assignment1\RecoMartRecommendation\src\ingestion\ingest_api.py", line 62, in get_data_request
    response = requests.get(
        url,
    ...<2 lines>...
        headers={"Accept": "application/json"},
    )
  File "C:\Copied_old_laptop\Copied\personal\BITS\sem_2\DMML\assignment1\RecoMartRecommendation\venv\Lib\site-packages\requests\api.py", line 87, in get
    return request("get", url, params=params, **kwargs)
  File "C:\Copied_old_laptop\Copied\personal\BITS\sem_2\DMML\assignment1\RecoMartRecommendation\venv\Lib\site-packages\requests\api.py", line 71, in request
    return session.request(method=method, url=url, **kwargs)
           ~~~~~~~~~~~~~~~^^^^^^^^^^^^^^^^^^^^^^^^^^^^^^^^^^
  File "C:\Copied_old_laptop\Copied\personal\BITS\sem_2\DMML\assignment1\RecoMartRecommendation\venv\Lib\site-packages\requests\sessions.py", line 651, in request
    resp = self.send(prep, **send_kwargs)
  File "C:\Copied_old_laptop\Copied\personal\BITS\sem_2\DMML\assignment1\RecoMartRecommendation\venv\Lib\site-packages\requests\sessions.py", line 784, in send
    r = adapter.send(request, **kwargs)
  File "C:\Copied_old_laptop\Copied\personal\BITS\sem_2\DMML\assignment1\RecoMartRecommendation\venv\Lib\site-packages\requests\adapters.py", line 727, in send
    raise SSLError(e, request=request)
requests.exceptions.SSLError: HTTPSConnectionPool(host='fakestoreapi.com', port=443): Max retries exceeded with url: /products (Caused by SSLError(SSLCertVerificationError(1, '[SSL: CERTIFICATE_VERIFY_FAILED] certificate verify failed: unable to get local issuer certificate (_ssl.c:1028)')))

The above exception was the direct cause of the following exception:

Traceback (most recent call last):
  File "C:\Copied_old_laptop\Copied\personal\BITS\sem_2\DMML\assignment1\RecoMartRecommendation\src\ingestion\ingest_api.py", line 96, in ingest_api
    data = get_data_request(api_url, logger)
  File "C:\Copied_old_laptop\Copied\personal\BITS\sem_2\DMML\assignment1\RecoMartRecommendation\src\ingestion\ingest_api.py", line 86, in get_data_request
    raise RuntimeError(f"Failed to fetch API data after {max_retries} attempts") from last_error
RuntimeError: Failed to fetch API data after 3 attempts
2026-07-19 13:21:05 | INFO | Starting API ingestion | url=https://fakestoreapi.com/products
2026-07-19 13:21:05 | INFO | Fetching API data | attempt=1 | url=https://fakestoreapi.com/products
2026-07-19 13:21:08 | INFO | API ingestion successful | output=data\raw\products_api\20260719T075108Z\products_raw.json | records_written=20 | elapsed_seconds=3.01
2026-07-19 16:12:14 | INFO | Starting API ingestion | url=https://fakestoreapi.com/products
2026-07-19 16:12:14 | INFO | Fetching API data | attempt=1 | url=https://fakestoreapi.com/products
2026-07-19 16:12:14 | INFO | API ingestion successful | output=data\raw\products_api\20260719T104214Z\products_raw.json | records_written=20 | elapsed_seconds=0.60
2026-07-19 16:23:42 | INFO | Starting API ingestion | url=https://fakestoreapi.com/products
2026-07-19 16:23:42 | INFO | Fetching API data | attempt=1 | url=https://fakestoreapi.com/products
2026-07-19 16:23:43 | INFO | API ingestion successful | output=data\raw\products_api\20260719T105343Z\products_raw.json | records_written=20 | elapsed_seconds=0.69
2026-07-19 16:27:52 | INFO | Starting API ingestion | url=https://fakestoreapi.com/products
2026-07-19 16:27:52 | INFO | Fetching API data | attempt=1 | url=https://fakestoreapi.com/products
2026-07-19 16:27:53 | INFO | API ingestion successful | output=data\raw\products_api\20260719T105753Z\products_raw.json | records_written=20 | elapsed_seconds=0.54
2026-07-19 16:36:02 | INFO | Starting API ingestion | url=https://fakestoreapi.com/products
2026-07-19 16:36:02 | INFO | Fetching API data | attempt=1 | url=https://fakestoreapi.com/products
2026-07-19 16:36:02 | INFO | API ingestion successful | output=data\raw\products_api\20260719T110602Z\products_raw.json | records_written=20 | elapsed_seconds=0.61
2026-07-19 16:40:47 | INFO | Starting API ingestion | url=https://fakestoreapi.com/products
2026-07-19 16:40:47 | INFO | Fetching API data | attempt=1 | url=https://fakestoreapi.com/products
2026-07-19 16:40:47 | INFO | API ingestion successful | output=data\raw\products_api\20260719T111047Z\products_raw.json | records_written=20 | elapsed_seconds=0.55
2026-07-19 16:45:58 | INFO | Starting API ingestion | url=https://fakestoreapi.com/products
2026-07-19 16:45:58 | INFO | Fetching API data | attempt=1 | url=https://fakestoreapi.com/products
2026-07-19 16:45:59 | INFO | API ingestion successful | output=data\raw\products_api\20260719T111559Z\products_raw.json | records_written=20 | elapsed_seconds=0.62
